
*** Running vivado
    with args -log f.vds -m64 -product Vivado -mode batch -messageDb vivado.pb -notrace -source f.tcl



****** Vivado v2021.1 (64-bit)
  **** SW Build 3247384 on Thu Jun 10 19:36:33 MDT 2021
  **** IP Build 3246043 on Fri Jun 11 00:30:35 MDT 2021
    ** Copyright 1986-2021 Xilinx, Inc. All Rights Reserved.

source f.tcl -notrace
INFO: [IP_Flow 19-234] Refreshing IP repositories
INFO: [IP_Flow 19-1700] Loaded user IP repository 'c:/Users/88697/Desktop/fuck/ip'.
INFO: [IP_Flow 19-2313] Loaded Vivado IP repository 'C:/Xilinx/Vivado/2021.1/data/ip'.
Command: synth_design -top f -part xc7a35tcpg236-1
Starting synth_design
Attempting to get a license for feature 'Synthesis' and/or device 'xc7a35t'
INFO: [Common 17-349] Got license for feature 'Synthesis' and/or device 'xc7a35t'
INFO: [Device 21-403] Loading part xc7a35tcpg236-1
INFO: [Synth 8-7079] Multithreading enabled for synth_design using a maximum of 2 processes.
INFO: [Synth 8-7078] Launching helper process for spawning children vivado processes
INFO: [Synth 8-7075] Helper process launched with PID 12580
---------------------------------------------------------------------------------
Starting RTL Elaboration : Time (s): cpu = 00:00:05 ; elapsed = 00:00:06 . Memory (MB): peak = 1118.770 ; gain = 0.000
---------------------------------------------------------------------------------
INFO: [Synth 8-6157] synthesizing module 'f' [C:/Users/88697/Desktop/fuck/f.v:1]
INFO: [Synth 8-6157] synthesizing module 'onepulse' [C:/Users/88697/Desktop/fuck/f.v:393]
INFO: [Synth 8-6155] done synthesizing module 'onepulse' (1#1) [C:/Users/88697/Desktop/fuck/f.v:393]
INFO: [Synth 8-6157] synthesizing module 'clock_divider' [C:/Users/88697/Desktop/fuck/f.v:376]
	Parameter n bound to: 21 - type: integer 
INFO: [Synth 8-6155] done synthesizing module 'clock_divider' (2#1) [C:/Users/88697/Desktop/fuck/f.v:376]
INFO: [Synth 8-6157] synthesizing module 'player_control' [C:/Users/88697/Desktop/fuck/player_control.v:1]
INFO: [Synth 8-6155] done synthesizing module 'player_control' (3#1) [C:/Users/88697/Desktop/fuck/player_control.v:1]
INFO: [Synth 8-6157] synthesizing module 'music_example' [C:/Users/88697/Desktop/fuck/music_example.v:124]
INFO: [Synth 8-6155] done synthesizing module 'music_example' (4#1) [C:/Users/88697/Desktop/fuck/music_example.v:124]
INFO: [Synth 8-6157] synthesizing module 'note_gen' [C:/Users/88697/Desktop/fuck/note_gen.v:1]
INFO: [Synth 8-6155] done synthesizing module 'note_gen' (5#1) [C:/Users/88697/Desktop/fuck/note_gen.v:1]
INFO: [Synth 8-6157] synthesizing module 'speaker_control' [C:/Users/88697/Desktop/fuck/speaker_control.v:1]
INFO: [Synth 8-226] default block is never used [C:/Users/88697/Desktop/fuck/speaker_control.v:56]
INFO: [Synth 8-6155] done synthesizing module 'speaker_control' (6#1) [C:/Users/88697/Desktop/fuck/speaker_control.v:1]
INFO: [Synth 8-6157] synthesizing module 'KeyboardDecoder' [C:/Users/88697/Desktop/fuck/KeyboardDecoder.v:1]
INFO: [Synth 8-6157] synthesizing module 'KeyboardCtrl_0' [C:/Users/88697/Desktop/fuck/F/F.runs/synth_1/.Xil/Vivado-12596-MSI/realtime/KeyboardCtrl_0_stub.v:6]
INFO: [Synth 8-6155] done synthesizing module 'KeyboardCtrl_0' (7#1) [C:/Users/88697/Desktop/fuck/F/F.runs/synth_1/.Xil/Vivado-12596-MSI/realtime/KeyboardCtrl_0_stub.v:6]
INFO: [Synth 8-6157] synthesizing module 'OnePulse' [C:/Users/88697/Desktop/fuck/OnePulse.v:1]
INFO: [Synth 8-6155] done synthesizing module 'OnePulse' (8#1) [C:/Users/88697/Desktop/fuck/OnePulse.v:1]
INFO: [Synth 8-226] default block is never used [C:/Users/88697/Desktop/fuck/KeyboardDecoder.v:64]
INFO: [Synth 8-6155] done synthesizing module 'KeyboardDecoder' (9#1) [C:/Users/88697/Desktop/fuck/KeyboardDecoder.v:1]
INFO: [Synth 8-6157] synthesizing module 'motor' [C:/Users/88697/Desktop/fuck/motor.v:4]
INFO: [Synth 8-6157] synthesizing module 'motor_pwm' [C:/Users/88697/Desktop/fuck/motor.v:94]
INFO: [Synth 8-6157] synthesizing module 'PWM_gen' [C:/Users/88697/Desktop/fuck/motor.v:112]
INFO: [Synth 8-6155] done synthesizing module 'PWM_gen' (10#1) [C:/Users/88697/Desktop/fuck/motor.v:112]
INFO: [Synth 8-6155] done synthesizing module 'motor_pwm' (11#1) [C:/Users/88697/Desktop/fuck/motor.v:94]
INFO: [Synth 8-226] default block is never used [C:/Users/88697/Desktop/fuck/motor.v:41]
INFO: [Synth 8-226] default block is never used [C:/Users/88697/Desktop/fuck/motor.v:78]
INFO: [Synth 8-6155] done synthesizing module 'motor' (12#1) [C:/Users/88697/Desktop/fuck/motor.v:4]
WARNING: [Synth 8-689] width (2) of port connection 'throw' does not match port width (1) of module 'motor' [C:/Users/88697/Desktop/fuck/f.v:198]
INFO: [Synth 8-226] default block is never used [C:/Users/88697/Desktop/fuck/f.v:219]
INFO: [Synth 8-155] case statement is not full and has no default [C:/Users/88697/Desktop/fuck/f.v:279]
INFO: [Synth 8-226] default block is never used [C:/Users/88697/Desktop/fuck/f.v:332]
INFO: [Synth 8-6155] done synthesizing module 'f' (13#1) [C:/Users/88697/Desktop/fuck/f.v:1]
---------------------------------------------------------------------------------
Finished RTL Elaboration : Time (s): cpu = 00:00:07 ; elapsed = 00:00:08 . Memory (MB): peak = 1118.770 ; gain = 0.000
---------------------------------------------------------------------------------
---------------------------------------------------------------------------------
Start Handling Custom Attributes
---------------------------------------------------------------------------------
---------------------------------------------------------------------------------
Finished Handling Custom Attributes : Time (s): cpu = 00:00:08 ; elapsed = 00:00:09 . Memory (MB): peak = 1118.770 ; gain = 0.000
---------------------------------------------------------------------------------
---------------------------------------------------------------------------------
Finished RTL Optimization Phase 1 : Time (s): cpu = 00:00:08 ; elapsed = 00:00:09 . Memory (MB): peak = 1118.770 ; gain = 0.000
---------------------------------------------------------------------------------
Netlist sorting complete. Time (s): cpu = 00:00:00 ; elapsed = 00:00:00.059 . Memory (MB): peak = 1118.770 ; gain = 0.000
INFO: [Project 1-570] Preparing netlist for logic optimization

Processing XDC Constraints
Initializing timing engine
Parsing XDC File [c:/Users/88697/Desktop/fuck/F/F.gen/sources_1/ip/KeyboardCtrl_0/KeyboardCtrl_0/KeyboardCtrl_0_in_context.xdc] for cell 'key_de/inst'
Finished Parsing XDC File [c:/Users/88697/Desktop/fuck/F/F.gen/sources_1/ip/KeyboardCtrl_0/KeyboardCtrl_0/KeyboardCtrl_0_in_context.xdc] for cell 'key_de/inst'
Parsing XDC File [C:/Users/88697/Desktop/fuck/constrains.xdc]
Finished Parsing XDC File [C:/Users/88697/Desktop/fuck/constrains.xdc]
INFO: [Project 1-236] Implementation specific constraints were found while reading constraint file [C:/Users/88697/Desktop/fuck/constrains.xdc]. These constraints will be ignored for synthesis but will be used in implementation. Impacted constraints are listed in the file [.Xil/f_propImpl.xdc].
Resolution: To avoid this warning, move constraints listed in [.Xil/f_propImpl.xdc] to another XDC file and exclude this new file from synthesis with the used_in_synthesis property (File Properties dialog in GUI) and re-run elaboration/synthesis.
Completed Processing XDC Constraints

Netlist sorting complete. Time (s): cpu = 00:00:00 ; elapsed = 00:00:00.001 . Memory (MB): peak = 1118.770 ; gain = 0.000
INFO: [Project 1-111] Unisim Transformation Summary:
No Unisim elements were transformed.

Constraint Validation Runtime : Time (s): cpu = 00:00:00 ; elapsed = 00:00:00.012 . Memory (MB): peak = 1118.770 ; gain = 0.000
---------------------------------------------------------------------------------
Finished Constraint Validation : Time (s): cpu = 00:00:18 ; elapsed = 00:00:20 . Memory (MB): peak = 1118.770 ; gain = 0.000
---------------------------------------------------------------------------------
---------------------------------------------------------------------------------
Start Loading Part and Timing Information
---------------------------------------------------------------------------------
Loading part: xc7a35tcpg236-1
---------------------------------------------------------------------------------
Finished Loading Part and Timing Information : Time (s): cpu = 00:00:18 ; elapsed = 00:00:20 . Memory (MB): peak = 1118.770 ; gain = 0.000
---------------------------------------------------------------------------------
---------------------------------------------------------------------------------
Start Applying 'set_property' XDC Constraints
---------------------------------------------------------------------------------
Applied set_property IO_BUFFER_TYPE = NONE for PS2_CLK. (constraint file  c:/Users/88697/Desktop/fuck/F/F.gen/sources_1/ip/KeyboardCtrl_0/KeyboardCtrl_0/KeyboardCtrl_0_in_context.xdc, line 1).
Applied set_property CLOCK_BUFFER_TYPE = NONE for PS2_CLK. (constraint file  c:/Users/88697/Desktop/fuck/F/F.gen/sources_1/ip/KeyboardCtrl_0/KeyboardCtrl_0/KeyboardCtrl_0_in_context.xdc, line 2).
Applied set_property IO_BUFFER_TYPE = NONE for PS2_DATA. (constraint file  c:/Users/88697/Desktop/fuck/F/F.gen/sources_1/ip/KeyboardCtrl_0/KeyboardCtrl_0/KeyboardCtrl_0_in_context.xdc, line 3).
Applied set_property CLOCK_BUFFER_TYPE = NONE for PS2_DATA. (constraint file  c:/Users/88697/Desktop/fuck/F/F.gen/sources_1/ip/KeyboardCtrl_0/KeyboardCtrl_0/KeyboardCtrl_0_in_context.xdc, line 4).
Applied set_property KEEP_HIERARCHY = SOFT for key_de/inst. (constraint file  auto generated constraint).
---------------------------------------------------------------------------------
Finished applying 'set_property' XDC Constraints : Time (s): cpu = 00:00:18 ; elapsed = 00:00:20 . Memory (MB): peak = 1118.770 ; gain = 0.000
---------------------------------------------------------------------------------
INFO: [Synth 8-802] inferred FSM for state register 'state_reg' in module 'KeyboardDecoder'
INFO: [Synth 8-802] inferred FSM for state register 'hitmode_reg' in module 'f'
INFO: [Synth 8-802] inferred FSM for state register 'throwmode_reg' in module 'f'
---------------------------------------------------------------------------------------------------
                   State |                     New Encoding |                Previous Encoding 
---------------------------------------------------------------------------------------------------
                    INIT |                               00 |                               00
         WAIT_FOR_SIGNAL |                               01 |                               01
         GET_SIGNAL_DOWN |                               10 |                               10
            WAIT_RELEASE |                               11 |                               11
---------------------------------------------------------------------------------------------------
INFO: [Synth 8-3354] encoded FSM with state register 'state_reg' using encoding 'sequential' in module 'KeyboardDecoder'
---------------------------------------------------------------------------------------------------
                   State |                     New Encoding |                Previous Encoding 
---------------------------------------------------------------------------------------------------
                 hitidle |                               00 |                               00
                  hithit |                               01 |                               01
                 hitwait |                               10 |                               10
               hitreturn |                               11 |                               11
---------------------------------------------------------------------------------------------------
INFO: [Synth 8-3354] encoded FSM with state register 'hitmode_reg' using encoding 'sequential' in module 'f'
---------------------------------------------------------------------------------------------------
                   State |                     New Encoding |                Previous Encoding 
---------------------------------------------------------------------------------------------------
               throwidle |                                0 |                               00
              throwthrow |                                1 |                               01
---------------------------------------------------------------------------------------------------
INFO: [Synth 8-3354] encoded FSM with state register 'throwmode_reg' using encoding 'sequential' in module 'f'
WARNING: [Synth 8-327] inferring latch for variable 'FSM_sequential_throwmodenxt_reg' [C:/Users/88697/Desktop/fuck/f.v:276]
---------------------------------------------------------------------------------
Finished RTL Optimization Phase 2 : Time (s): cpu = 00:00:20 ; elapsed = 00:00:22 . Memory (MB): peak = 1118.770 ; gain = 0.000
---------------------------------------------------------------------------------
---------------------------------------------------------------------------------
Start RTL Component Statistics 
---------------------------------------------------------------------------------
Detailed RTL Component Info : 
+---Adders : 
	   2 Input   27 Bit       Adders := 4     
	   2 Input   22 Bit       Adders := 1     
	   2 Input   12 Bit       Adders := 4     
	   2 Input    9 Bit       Adders := 1     
+---Registers : 
	              512 Bit    Registers := 1     
	               27 Bit    Registers := 4     
	               22 Bit    Registers := 1     
	               16 Bit    Registers := 2     
	               12 Bit    Registers := 4     
	               10 Bit    Registers := 3     
	                9 Bit    Registers := 1     
	                3 Bit    Registers := 1     
	                1 Bit    Registers := 18    
+---Muxes : 
	   2 Input  512 Bit        Muxes := 1     
	   4 Input   27 Bit        Muxes := 3     
	   2 Input   27 Bit        Muxes := 1     
	   6 Input   26 Bit        Muxes := 1     
	   2 Input   26 Bit        Muxes := 10    
	 273 Input   26 Bit        Muxes := 1     
	 449 Input   26 Bit        Muxes := 1     
	1001 Input   26 Bit        Muxes := 1     
	   4 Input   26 Bit        Muxes := 2     
	   7 Input   26 Bit        Muxes := 1     
	   8 Input   26 Bit        Muxes := 1     
	   2 Input   22 Bit        Muxes := 1     
	   2 Input   16 Bit        Muxes := 5     
	   6 Input   16 Bit        Muxes := 2     
	   4 Input   16 Bit        Muxes := 1     
	   6 Input   15 Bit        Muxes := 2     
	   2 Input   12 Bit        Muxes := 15    
	   4 Input   12 Bit        Muxes := 5     
	   4 Input   10 Bit        Muxes := 1     
	   2 Input   10 Bit        Muxes := 2     
	   5 Input   10 Bit        Muxes := 1     
	 157 Input    3 Bit        Muxes := 1     
	 273 Input    3 Bit        Muxes := 1     
	 449 Input    3 Bit        Muxes := 1     
	   4 Input    2 Bit        Muxes := 1     
	   2 Input    2 Bit        Muxes := 3     
	   5 Input    2 Bit        Muxes := 2     
	   9 Input    2 Bit        Muxes := 1     
	   2 Input    1 Bit        Muxes := 14    
	   4 Input    1 Bit        Muxes := 7     
	   5 Input    1 Bit        Muxes := 1     
---------------------------------------------------------------------------------
Finished RTL Component Statistics 
---------------------------------------------------------------------------------
---------------------------------------------------------------------------------
Start Part Resource Summary
---------------------------------------------------------------------------------
Part Resources:
DSPs: 90 (col length:60)
BRAMs: 100 (col length: RAMB18 60 RAMB36 30)
---------------------------------------------------------------------------------
Finished Part Resource Summary
---------------------------------------------------------------------------------
---------------------------------------------------------------------------------
Start Cross Boundary and Area Optimization
---------------------------------------------------------------------------------
DSP Report: Generating DSP pwm_0/count_duty0, operation Mode is: A*B.
DSP Report: operator pwm_0/count_duty0 is absorbed into DSP pwm_0/count_duty0.
DSP Report: operator pwm_0/count_duty0 is absorbed into DSP pwm_0/count_duty0.
DSP Report: Generating DSP pwm_0/count_duty0, operation Mode is: (A:0xfa0)*B.
DSP Report: operator pwm_0/count_duty0 is absorbed into DSP pwm_0/count_duty0.
DSP Report: operator pwm_0/count_duty0 is absorbed into DSP pwm_0/count_duty0.
---------------------------------------------------------------------------------
Finished Cross Boundary and Area Optimization : Time (s): cpu = 00:00:36 ; elapsed = 00:00:39 . Memory (MB): peak = 1118.770 ; gain = 0.000
---------------------------------------------------------------------------------
---------------------------------------------------------------------------------
Start ROM, RAM, DSP, Shift Register and Retiming Reporting
---------------------------------------------------------------------------------

ROM: Preliminary Mapping Report
+--------------+------------+---------------+----------------+
|Module Name   | RTL Object | Depth x Width | Implemented As | 
+--------------+------------+---------------+----------------+
|music_example | toneR      | 1024x26       | LUT            | 
+--------------+------------+---------------+----------------+


DSP: Preliminary Mapping Report (see note below)
+------------+-------------+--------+--------+--------+--------+--------+------+------+------+------+-------+------+------+
|Module Name | DSP Mapping | A Size | B Size | C Size | D Size | P Size | AREG | BREG | CREG | DREG | ADREG | MREG | PREG | 
+------------+-------------+--------+--------+--------+--------+--------+------+------+------+------+-------+------+------+
|PWM_gen     | A*B         | 14     | 11     | -      | -      | 48     | 0    | 0    | -    | -    | -     | 0    | 0    | 
|PWM_gen     | (A:0xfa0)*B | 11     | 13     | -      | -      | 32     | 0    | 0    | -    | -    | -     | 0    | 0    | 
+------------+-------------+--------+--------+--------+--------+--------+------+------+------+------+-------+------+------+

Note: The table above is a preliminary report that shows the DSPs inferred at the current stage of the synthesis flow. Some DSP may be reimplemented as non DSP primitives later in the synthesis flow. Multiple instantiated DSPs are reported only once.
---------------------------------------------------------------------------------
Finished ROM, RAM, DSP, Shift Register and Retiming Reporting
---------------------------------------------------------------------------------
---------------------------------------------------------------------------------
Start Applying XDC Timing Constraints
---------------------------------------------------------------------------------
---------------------------------------------------------------------------------
Finished Applying XDC Timing Constraints : Time (s): cpu = 00:00:49 ; elapsed = 00:00:52 . Memory (MB): peak = 1122.426 ; gain = 3.656
---------------------------------------------------------------------------------
---------------------------------------------------------------------------------
Start Timing Optimization
---------------------------------------------------------------------------------
---------------------------------------------------------------------------------
Finished Timing Optimization : Time (s): cpu = 00:00:54 ; elapsed = 00:00:58 . Memory (MB): peak = 1169.020 ; gain = 50.250
---------------------------------------------------------------------------------
---------------------------------------------------------------------------------
Start Technology Mapping
---------------------------------------------------------------------------------
---------------------------------------------------------------------------------
Finished Technology Mapping : Time (s): cpu = 00:00:56 ; elapsed = 00:00:59 . Memory (MB): peak = 1169.266 ; gain = 50.496
---------------------------------------------------------------------------------
---------------------------------------------------------------------------------
Start IO Insertion
---------------------------------------------------------------------------------
---------------------------------------------------------------------------------
Start Flattening Before IO Insertion
---------------------------------------------------------------------------------
---------------------------------------------------------------------------------
Finished Flattening Before IO Insertion
---------------------------------------------------------------------------------
---------------------------------------------------------------------------------
Start Final Netlist Cleanup
---------------------------------------------------------------------------------
---------------------------------------------------------------------------------
Finished Final Netlist Cleanup
---------------------------------------------------------------------------------
---------------------------------------------------------------------------------
Finished IO Insertion : Time (s): cpu = 00:01:01 ; elapsed = 00:01:04 . Memory (MB): peak = 1182.094 ; gain = 63.324
---------------------------------------------------------------------------------
---------------------------------------------------------------------------------
Start Renaming Generated Instances
---------------------------------------------------------------------------------
---------------------------------------------------------------------------------
Finished Renaming Generated Instances : Time (s): cpu = 00:01:01 ; elapsed = 00:01:04 . Memory (MB): peak = 1182.094 ; gain = 63.324
---------------------------------------------------------------------------------
---------------------------------------------------------------------------------
Start Rebuilding User Hierarchy
---------------------------------------------------------------------------------
---------------------------------------------------------------------------------
Finished Rebuilding User Hierarchy : Time (s): cpu = 00:01:02 ; elapsed = 00:01:05 . Memory (MB): peak = 1182.094 ; gain = 63.324
---------------------------------------------------------------------------------
---------------------------------------------------------------------------------
Start Renaming Generated Ports
---------------------------------------------------------------------------------
---------------------------------------------------------------------------------
Finished Renaming Generated Ports : Time (s): cpu = 00:01:02 ; elapsed = 00:01:05 . Memory (MB): peak = 1182.094 ; gain = 63.324
---------------------------------------------------------------------------------
---------------------------------------------------------------------------------
Start Handling Custom Attributes
---------------------------------------------------------------------------------
---------------------------------------------------------------------------------
Finished Handling Custom Attributes : Time (s): cpu = 00:01:02 ; elapsed = 00:01:05 . Memory (MB): peak = 1182.094 ; gain = 63.324
---------------------------------------------------------------------------------
---------------------------------------------------------------------------------
Start Renaming Generated Nets
---------------------------------------------------------------------------------
---------------------------------------------------------------------------------
Finished Renaming Generated Nets : Time (s): cpu = 00:01:02 ; elapsed = 00:01:05 . Memory (MB): peak = 1182.094 ; gain = 63.324
---------------------------------------------------------------------------------
---------------------------------------------------------------------------------
Start Writing Synthesis Report
---------------------------------------------------------------------------------

Report BlackBoxes: 
+------+---------------+----------+
|      |BlackBox name  |Instances |
+------+---------------+----------+
|1     |KeyboardCtrl_0 |         1|
+------+---------------+----------+

Report Cell Usage: 
+------+-------------+------+
|      |Cell         |Count |
+------+-------------+------+
|1     |KeyboardCtrl |     1|
|2     |BUFG         |     2|
|3     |CARRY4       |   541|
|4     |DSP48E1      |     2|
|5     |LUT1         |    12|
|6     |LUT2         |   672|
|7     |LUT3         |   576|
|8     |LUT4         |   126|
|9     |LUT5         |   573|
|10    |LUT6         |   348|
|11    |MUXF7        |     8|
|12    |MUXF8        |     1|
|13    |FDCE         |   261|
|14    |FDPE         |    11|
|15    |FDRE         |    31|
|16    |LDC          |     1|
|17    |IBUF         |     6|
|18    |OBUF         |    28|
+------+-------------+------+
---------------------------------------------------------------------------------
Finished Writing Synthesis Report : Time (s): cpu = 00:01:02 ; elapsed = 00:01:05 . Memory (MB): peak = 1182.094 ; gain = 63.324
---------------------------------------------------------------------------------
Synthesis finished with 0 errors, 0 critical warnings and 1 warnings.
Synthesis Optimization Runtime : Time (s): cpu = 00:00:50 ; elapsed = 00:01:01 . Memory (MB): peak = 1182.094 ; gain = 63.324
Synthesis Optimization Complete : Time (s): cpu = 00:01:02 ; elapsed = 00:01:05 . Memory (MB): peak = 1182.094 ; gain = 63.324
INFO: [Project 1-571] Translating synthesized netlist
Netlist sorting complete. Time (s): cpu = 00:00:00 ; elapsed = 00:00:00.069 . Memory (MB): peak = 1194.109 ; gain = 0.000
INFO: [Netlist 29-17] Analyzing 553 Unisim elements for replacement
INFO: [Netlist 29-28] Unisim Transformation completed in 0 CPU seconds
INFO: [Project 1-570] Preparing netlist for logic optimization
INFO: [Opt 31-138] Pushed 0 inverter(s) to 0 load pin(s).
Netlist sorting complete. Time (s): cpu = 00:00:00 ; elapsed = 00:00:00.002 . Memory (MB): peak = 1197.824 ; gain = 0.000
INFO: [Project 1-111] Unisim Transformation Summary:
  A total of 1 instances were transformed.
  LDC => LDCE: 1 instance 

Synth Design complete, checksum: db85dd65
INFO: [Common 17-83] Releasing license: Synthesis
57 Infos, 2 Warnings, 0 Critical Warnings and 0 Errors encountered.
synth_design completed successfully
synth_design: Time (s): cpu = 00:01:11 ; elapsed = 00:01:33 . Memory (MB): peak = 1197.824 ; gain = 79.055
INFO: [Common 17-1381] The checkpoint 'C:/Users/88697/Desktop/fuck/F/F.runs/synth_1/f.dcp' has been generated.
INFO: [runtcl-4] Executing : report_utilization -file f_utilization_synth.rpt -pb f_utilization_synth.pb
INFO: [Common 17-206] Exiting Vivado at Tue Jan 18 13:20:34 2022...
